Using pre-set license
Built from '2020.3/staging' branch; Version is '2020.3.33f1 (915a7af8b0d5) revision 9525882'; Using compiler version '192528614'; Build Type 'Release'
OS: 'Windows 10  (10.0.19044) 64bit Professional' Language: 'ko' Physical Memory: 16317 MB
BatchMode: 1, IsHumanControllingUs: 0, StartBugReporterOnCrash: 0, Is64bit: 1, IsPro: 0

COMMAND LINE ARGUMENTS:
E:\ProgramFiles\Unity\Editor\2020.3.33f1\Editor\Unity.exe
-adb2
-batchMode
-noUpm
-name
AssetImportWorker0
-projectPath
E:/UnityProject/CC_Audio
-logFile
Logs/AssetImportWorker0.log
-srvPort
64162
Successfully changed project path to: E:/UnityProject/CC_Audio
E:/UnityProject/CC_Audio
Using Asset Import Pipeline V2.
Refreshing native plugins compatible for Editor in 58.76 ms, found 2 plugins.
Preloading 0 native plugins for Editor in 0.00 ms.
Initialize engine version: 2020.3.33f1 (915a7af8b0d5)
[Subsystems] Discovering subsystems at path E:/ProgramFiles/Unity/Editor/2020.3.33f1/Editor/Data/Resources/UnitySubsystems
[Subsystems] Discovering subsystems at path E:/UnityProject/CC_Audio/Assets
GfxDevice: creating device client; threaded=0
Direct3D:
    Version:  Direct3D 11.0 [level 11.1]
    Renderer: NVIDIA GeForce RTX 2060 SUPER (ID=0x1f06)
    Vendor:   
    VRAM:     8031 MB
    Driver:   31.0.15.1694
Initialize mono
Mono path[0] = 'E:/ProgramFiles/Unity/Editor/2020.3.33f1/Editor/Data/Managed'
Mono path[1] = 'E:/ProgramFiles/Unity/Editor/2020.3.33f1/Editor/Data/MonoBleedingEdge/lib/mono/unityjit'
Mono config path = 'E:/ProgramFiles/Unity/Editor/2020.3.33f1/Editor/Data/MonoBleedingEdge/etc'
Using monoOptions --debugger-agent=transport=dt_socket,embedding=1,server=y,suspend=n,address=127.0.0.1:56012
Begin MonoManager ReloadAssembly
Registering precompiled unity dll's ...
Register platform support module: E:/ProgramFiles/Unity/Editor/2020.3.33f1/Editor/Data/PlaybackEngines/WebGLSupport/UnityEditor.WebGL.Extensions.dll
Register platform support module: E:/ProgramFiles/Unity/Editor/2020.3.33f1/Editor/Data/PlaybackEngines/WindowsStandaloneSupport/UnityEditor.WindowsStandalone.Extensions.dll
Registered in 0.001036 seconds.
Native extension for WindowsStandalone target not found
Native extension for WebGL target not found
Refreshing native plugins compatible for Editor in 63.62 ms, found 2 plugins.
Preloading 0 native plugins for Editor in 0.00 ms.
Mono: successfully reloaded assembly
- Completed reload, in  0.542 seconds
Domain Reload Profiling:
	ReloadAssembly (542ms)
		BeginReloadAssembly (55ms)
			ExecutionOrderSort (0ms)
			DisableScriptedObjects (0ms)
			BackupInstance (0ms)
			ReleaseScriptingObjects (0ms)
			CreateAndSetChildDomain (1ms)
		EndReloadAssembly (429ms)
			LoadAssemblies (55ms)
			RebuildTransferFunctionScriptingTraits (0ms)
			SetupTypeCache (135ms)
			ReleaseScriptCaches (0ms)
			RebuildScriptCaches (25ms)
			SetupLoadedEditorAssemblies (179ms)
				LogAssemblyErrors (0ms)
				InitializePlatformSupportModulesInManaged (5ms)
				SetLoadedEditorAssemblies (0ms)
				RefreshPlugins (64ms)
				BeforeProcessingInitializeOnLoad (12ms)
				ProcessInitializeOnLoadAttributes (73ms)
				ProcessInitializeOnLoadMethodAttributes (25ms)
				AfterProcessingInitializeOnLoad (0ms)
				EditorAssembliesLoaded (0ms)
			ExecutionOrderSort2 (0ms)
			AwakeInstancesAfterBackupRestoration (0ms)
Platform modules already initialized, skipping
Registering precompiled user dll's ...
Registered in 0.002457 seconds.
Begin MonoManager ReloadAssembly
Symbol file LoadedFromMemory doesn't match image E:\UnityProject\CC_Audio\Library\PackageCache\com.unity.collab-proxy@1.15.15\Lib\Editor\PlasticSCM\unityplastic.dll
Native extension for WindowsStandalone target not found
Native extension for WebGL target not found
Refreshing native plugins compatible for Editor in 64.79 ms, found 2 plugins.
Preloading 0 native plugins for Editor in 0.00 ms.
Mono: successfully reloaded assembly
- Completed reload, in  1.188 seconds
Domain Reload Profiling:
	ReloadAssembly (1189ms)
		BeginReloadAssembly (129ms)
			ExecutionOrderSort (0ms)
			DisableScriptedObjects (4ms)
			BackupInstance (0ms)
			ReleaseScriptingObjects (0ms)
			CreateAndSetChildDomain (17ms)
		EndReloadAssembly (1005ms)
			LoadAssemblies (97ms)
			RebuildTransferFunctionScriptingTraits (0ms)
			SetupTypeCache (330ms)
			ReleaseScriptCaches (1ms)
			RebuildScriptCaches (76ms)
			SetupLoadedEditorAssemblies (398ms)
				LogAssemblyErrors (0ms)
				InitializePlatformSupportModulesInManaged (4ms)
				SetLoadedEditorAssemblies (0ms)
				RefreshPlugins (65ms)
				BeforeProcessingInitializeOnLoad (87ms)
				ProcessInitializeOnLoadAttributes (230ms)
				ProcessInitializeOnLoadMethodAttributes (11ms)
				AfterProcessingInitializeOnLoad (2ms)
				EditorAssembliesLoaded (0ms)
			ExecutionOrderSort2 (0ms)
			AwakeInstancesAfterBackupRestoration (6ms)
Platform modules already initialized, skipping
========================================================================
Worker process is ready to serve import requests
Launched and connected shader compiler UnityShaderCompiler.exe after 0.12 seconds
Refreshing native plugins compatible for Editor in 0.61 ms, found 2 plugins.
Preloading 0 native plugins for Editor in 0.00 ms.
Unloading 3873 Unused Serialized files (Serialized files now loaded: 0)
System memory in use before: 163.8 MB.
System memory in use after: 164.0 MB.

Unloading 21 unused Assets to reduce memory usage. Loaded Objects now: 4308.
Total: 3.300700 ms (FindLiveObjects: 0.224600 ms CreateObjectMapping: 0.145400 ms MarkObjects: 2.838200 ms  DeleteObjects: 0.091500 ms)

AssetImportParameters requested are different than current active one (requested -> active):
  custom:framework-win-MediaFoundation: 216162199b28c13a410421893ffa2e32 -> 
  custom:video-decoder-ogg-theora: a1e56fd34408186e4bbccfd4996cb3dc -> 
  custom:container-muxer-webm: aa71ff27fc2769a1b78a27578f13a17b -> 
  custom:container-demuxer-webm: 4f35f7cbe854078d1ac9338744f61a02 -> 
  custom:container-demuxer-ogg: 62fdf1f143b41e24485cea50d1cbac27 -> 
  custom:video-encoder-webm-vp8: eb34c28f22e8b96e1ab97ce403110664 -> 
  custom:video-decoder-webm-vp8: 9c59270c3fd7afecdb556c50c9e8de78 -> 
  custom:audio-decoder-ogg-vorbis: bf7c407c2cedff20999df2af8eb42d56 -> 
  custom:audio-encoder-webm-vorbis: bf7c407c2cedff20999df2af8eb42d56 -> 
========================================================================
Received Import Request.
  path: Assets/CreativeCore_Audio/Scenes/Audio_Indoor_Scene.unity
  artifactKey: Guid(e1078e3964fac294d994d872d5cee48f) Importer(815301076,1909f56bfc062723c751e8b465ee728b)
Start importing Assets/CreativeCore_Audio/Scenes/Audio_Indoor_Scene.unity using Guid(e1078e3964fac294d994d872d5cee48f) Importer(815301076,1909f56bfc062723c751e8b465ee728b)  -> (artifact id: '82c5b845d9aaca6afc902bae8674cd49') in 0.015985 seconds 
========================================================================
Received Prepare
Registering precompiled user dll's ...
Registered in 0.002395 seconds.
Begin MonoManager ReloadAssembly
Symbol file LoadedFromMemory doesn't match image E:\UnityProject\CC_Audio\Library\PackageCache\com.unity.collab-proxy@1.15.15\Lib\Editor\PlasticSCM\unityplastic.dll
Native extension for WindowsStandalone target not found
Native extension for WebGL target not found
Refreshing native plugins compatible for Editor in 0.62 ms, found 2 plugins.
Preloading 0 native plugins for Editor in 0.00 ms.
Mono: successfully reloaded assembly
- Completed reload, in  1.109 seconds
Domain Reload Profiling:
	ReloadAssembly (1109ms)
		BeginReloadAssembly (121ms)
			ExecutionOrderSort (0ms)
			DisableScriptedObjects (5ms)
			BackupInstance (0ms)
			ReleaseScriptingObjects (0ms)
			CreateAndSetChildDomain (40ms)
		EndReloadAssembly (938ms)
			LoadAssemblies (97ms)
			RebuildTransferFunctionScriptingTraits (0ms)
			SetupTypeCache (334ms)
			ReleaseScriptCaches (2ms)
			RebuildScriptCaches (68ms)
			SetupLoadedEditorAssemblies (337ms)
				LogAssemblyErrors (0ms)
				InitializePlatformSupportModulesInManaged (4ms)
				SetLoadedEditorAssemblies (0ms)
				RefreshPlugins (1ms)
				BeforeProcessingInitializeOnLoad (95ms)
				ProcessInitializeOnLoadAttributes (223ms)
				ProcessInitializeOnLoadMethodAttributes (12ms)
				AfterProcessingInitializeOnLoad (2ms)
				EditorAssembliesLoaded (0ms)
			ExecutionOrderSort2 (0ms)
			AwakeInstancesAfterBackupRestoration (9ms)
Platform modules already initialized, skipping
Refreshing native plugins compatible for Editor in 0.68 ms, found 2 plugins.
Preloading 0 native plugins for Editor in 0.00 ms.
Unloading 3755 Unused Serialized files (Serialized files now loaded: 0)
System memory in use before: 156.1 MB.
System memory in use after: 156.3 MB.

Unloading 14 unused Assets to reduce memory usage. Loaded Objects now: 4311.
Total: 3.358200 ms (FindLiveObjects: 0.254000 ms CreateObjectMapping: 0.192000 ms MarkObjects: 2.874200 ms  DeleteObjects: 0.037200 ms)

AssetImportParameters requested are different than current active one (requested -> active):
  custom:framework-win-MediaFoundation: 216162199b28c13a410421893ffa2e32 -> 
  custom:video-decoder-ogg-theora: a1e56fd34408186e4bbccfd4996cb3dc -> 
  custom:container-muxer-webm: aa71ff27fc2769a1b78a27578f13a17b -> 
  custom:container-demuxer-webm: 4f35f7cbe854078d1ac9338744f61a02 -> 
  custom:container-demuxer-ogg: 62fdf1f143b41e24485cea50d1cbac27 -> 
  custom:video-encoder-webm-vp8: eb34c28f22e8b96e1ab97ce403110664 -> 
  custom:video-decoder-webm-vp8: 9c59270c3fd7afecdb556c50c9e8de78 -> 
  custom:audio-decoder-ogg-vorbis: bf7c407c2cedff20999df2af8eb42d56 -> 
  custom:audio-encoder-webm-vorbis: bf7c407c2cedff20999df2af8eb42d56 -> 
========================================================================
Received Import Request.
  Time since last request: 1252.212733 seconds.
  path: Assets/CreativeCore_Audio/Scenes
  artifactKey: Guid(d12e6ad65eae547deabab4be3006db90) Importer(815301076,1909f56bfc062723c751e8b465ee728b)
Start importing Assets/CreativeCore_Audio/Scenes using Guid(d12e6ad65eae547deabab4be3006db90) Importer(815301076,1909f56bfc062723c751e8b465ee728b)  -> (artifact id: '70350c12079d8a4c8e528092d13343db') in 0.009133 seconds 
========================================================================
Received Import Request.
  Time since last request: 16.289316 seconds.
  path: Assets/CreativeCore_Audio/Audio source.txt
  artifactKey: Guid(e4b90557cea3b4442841864ed2aa9caf) Importer(815301076,1909f56bfc062723c751e8b465ee728b)
Start importing Assets/CreativeCore_Audio/Audio source.txt using Guid(e4b90557cea3b4442841864ed2aa9caf) Importer(815301076,1909f56bfc062723c751e8b465ee728b)  -> (artifact id: '6c3a219f667eeb9e30c8e480b2cae985') in 0.058563 seconds 
========================================================================
Received Import Request.
  Time since last request: 28.569494 seconds.
  path: Assets/CreativeCore_Audio/Audio source.txt
  artifactKey: Guid(e4b90557cea3b4442841864ed2aa9caf) Importer(815301076,1909f56bfc062723c751e8b465ee728b)
Start importing Assets/CreativeCore_Audio/Audio source.txt using Guid(e4b90557cea3b4442841864ed2aa9caf) Importer(815301076,1909f56bfc062723c751e8b465ee728b) Diagnostics callstack to track who triggered the sub-import:
0x00007ff60bf492a2 (Unity) ImporterAssetResolver::ResolveAsset
0x00007ff60bf1a7a2 (Unity) ResolveArtifactV2
0x00007ff60bf33fa0 (Unity) ImportToObjects
0x00007ff60bf333a8 (Unity) ImportAsset
0x00007ff60becbe18 (Unity) AssetImportWorker::Import
0x00007ff60bef1f8c (Unity) <lambda_b123f039090cb0dbc945ab4402a71fca>::operator()
0x00007ff60bf7a882 (Unity) asio::detail::completion_handler<core::mutable_function<void __cdecl(void)> >::do_complete
0x00007ff60bf7c9e0 (Unity) asio::detail::win_iocp_io_service::do_one
0x00007ff60bf8015e (Unity) asio::io_service::run
0x00007ff60bf1b4bb (Unity) RunAssetImportWorkerClientV2
0x00007ff60bf1b510 (Unity) RunAssetImporterV2
0x00007ff60b9940d9 (Unity) Application::InitializeProject
0x00007ff60be130d2 (Unity) WinMain
0x00007ff60d4b5f3e (Unity) __scrt_common_main_seh
0x00007ffd10f77614 (KERNEL32) BaseThreadInitThunk
0x00007ffd12c626a1 (ntdll) RtlUserThreadStart

Requesting import of Guid(e4b90557cea3b4442841864ed2aa9caf) Importer(-1,00000000000000000000000000000000), Assets/CreativeCore_Audio/Audio source.txt from editor
Resuming Guid(e4b90557cea3b4442841864ed2aa9caf) Importer(-1,00000000000000000000000000000000) -> 00000000000000000000000000000000 
VerifyArtifactRevisionIntegrity called with invalid artifact id
Assertion failed on expression: 'unsafeDependencies != nullptr'
Assertion failed on expression: 'unsafeDependencies != nullptr'
Assertion failed on expression: 'unsafeMetaInfo != nullptr'
Assertion failed on expression: 'safeMetaInfo != nullptr'
Assertion failed on expression: 'r.artifactID.IsValid() || r.abortImport'
Diagnostics callstack to track who triggered the sub-import:
0x00007ff60bf492a2 (Unity) ImporterAssetResolver::ResolveAsset
0x00007ff60bf1a7a2 (Unity) ResolveArtifactV2
0x00007ff60bf127e1 (Unity) ProduceArtifactV2
0x00007ff60bea7a7e (Unity) AssetDatabase::ProduceArtifact
0x00007ff60be91528 (Unity) PreviewImporter::GenerateAssetData
0x00007ff60bf343d3 (Unity) ImportToObjects
0x00007ff60bf333a8 (Unity) ImportAsset
0x00007ff60becbe18 (Unity) AssetImportWorker::Import
0x00007ff60bef1f8c (Unity) <lambda_b123f039090cb0dbc945ab4402a71fca>::operator()
0x00007ff60bf7a882 (Unity) asio::detail::completion_handler<core::mutable_function<void __cdecl(void)> >::do_complete
0x00007ff60bf7c9e0 (Unity) asio::detail::win_iocp_io_service::do_one
0x00007ff60bf8015e (Unity) asio::io_service::run
0x00007ff60bf1b4bb (Unity) RunAssetImportWorkerClientV2
0x00007ff60bf1b510 (Unity) RunAssetImporterV2
0x00007ff60b9940d9 (Unity) Application::InitializeProject
0x00007ff60be130d2 (Unity) WinMain
0x00007ff60d4b5f3e (Unity) __scrt_common_main_seh
0x00007ffd10f77614 (KERNEL32) BaseThreadInitThunk
0x00007ffd12c626a1 (ntdll) RtlUserThreadStart

Sub-import of Guid(e4b90557cea3b4442841864ed2aa9caf) Importer(-1,00000000000000000000000000000000), Assets/CreativeCore_Audio/Audio source.txt skipped because a previous one failed already
 -> (artifact id: '06b573025d4359071c9a569047df4cdc') in 8.445731 seconds 
========================================================================
Received Import Request.
  Time since last request: 29.661721 seconds.
  path: Assets/CreativeCore_Audio/535478__moulaythami__heartbeat.wav.crdownload
  artifactKey: Guid(22ee35646ef677f43a50960b0834a0f8) Importer(815301076,1909f56bfc062723c751e8b465ee728b)
Start importing Assets/CreativeCore_Audio/535478__moulaythami__heartbeat.wav.crdownload using Guid(22ee35646ef677f43a50960b0834a0f8) Importer(815301076,1909f56bfc062723c751e8b465ee728b) Diagnostics callstack to track who triggered the sub-import:
0x00007ff60bf492a2 (Unity) ImporterAssetResolver::ResolveAsset
0x00007ff60bf1a7a2 (Unity) ResolveArtifactV2
0x00007ff60bf33fa0 (Unity) ImportToObjects
0x00007ff60bf333a8 (Unity) ImportAsset
0x00007ff60becbe18 (Unity) AssetImportWorker::Import
0x00007ff60bef1f8c (Unity) <lambda_b123f039090cb0dbc945ab4402a71fca>::operator()
0x00007ff60bf7a882 (Unity) asio::detail::completion_handler<core::mutable_function<void __cdecl(void)> >::do_complete
0x00007ff60bf7c9e0 (Unity) asio::detail::win_iocp_io_service::do_one
0x00007ff60bf8015e (Unity) asio::io_service::run
0x00007ff60bf1b4bb (Unity) RunAssetImportWorkerClientV2
0x00007ff60bf1b510 (Unity) RunAssetImporterV2
0x00007ff60b9940d9 (Unity) Application::InitializeProject
0x00007ff60be130d2 (Unity) WinMain
0x00007ff60d4b5f3e (Unity) __scrt_common_main_seh
0x00007ffd10f77614 (KERNEL32) BaseThreadInitThunk
0x00007ffd12c626a1 (ntdll) RtlUserThreadStart

Requesting import of Guid(22ee35646ef677f43a50960b0834a0f8) Importer(-1,00000000000000000000000000000000), Assets/CreativeCore_Audio/535478__moulaythami__heartbeat.wav.crdownload from editor
Resuming Guid(22ee35646ef677f43a50960b0834a0f8) Importer(-1,00000000000000000000000000000000) -> 00000000000000000000000000000000 
VerifyArtifactRevisionIntegrity called with invalid artifact id
Assertion failed on expression: 'unsafeDependencies != nullptr'
Assertion failed on expression: 'unsafeDependencies != nullptr'
Assertion failed on expression: 'unsafeMetaInfo != nullptr'
Assertion failed on expression: 'safeMetaInfo != nullptr'
Assertion failed on expression: 'r.artifactID.IsValid() || r.abortImport'
Diagnostics callstack to track who triggered the sub-import:
0x00007ff60bf492a2 (Unity) ImporterAssetResolver::ResolveAsset
0x00007ff60bf1a7a2 (Unity) ResolveArtifactV2
0x00007ff60bf127e1 (Unity) ProduceArtifactV2
0x00007ff60bea7a7e (Unity) AssetDatabase::ProduceArtifact
0x00007ff60be91528 (Unity) PreviewImporter::GenerateAssetData
0x00007ff60bf343d3 (Unity) ImportToObjects
0x00007ff60bf333a8 (Unity) ImportAsset
0x00007ff60becbe18 (Unity) AssetImportWorker::Import
0x00007ff60bef1f8c (Unity) <lambda_b123f039090cb0dbc945ab4402a71fca>::operator()
0x00007ff60bf7a882 (Unity) asio::detail::completion_handler<core::mutable_function<void __cdecl(void)> >::do_complete
0x00007ff60bf7c9e0 (Unity) asio::detail::win_iocp_io_service::do_one
0x00007ff60bf8015e (Unity) asio::io_service::run
0x00007ff60bf1b4bb (Unity) RunAssetImportWorkerClientV2
0x00007ff60bf1b510 (Unity) RunAssetImporterV2
0x00007ff60b9940d9 (Unity) Application::InitializeProject
0x00007ff60be130d2 (Unity) WinMain
0x00007ff60d4b5f3e (Unity) __scrt_common_main_seh
0x00007ffd10f77614 (KERNEL32) BaseThreadInitThunk
0x00007ffd12c626a1 (ntdll) RtlUserThreadStart

Sub-import of Guid(22ee35646ef677f43a50960b0834a0f8) Importer(-1,00000000000000000000000000000000), Assets/CreativeCore_Audio/535478__moulaythami__heartbeat.wav.crdownload skipped because a previous one failed already
 -> (artifact id: '00000000000000000000000000000000') in 0.004378 seconds  code(4) message(Build asset version error: assets/creativecore_audio/535478__moulaythami__heartbeat.wav.crdownload in SourceAssetDB has modification time of '2023-02-03T12:33:44.9375005Z' while content on disk has modification time of '2023-02-03T12:34:23.4619996Z')
  ERROR: Build asset version error: assets/creativecore_audio/535478__moulaythami__heartbeat.wav.crdownload in SourceAssetDB has modification time of '2023-02-03T12:33:44.9375005Z' while content on disk has modification time of '2023-02-03T12:34:23.4619996Z'
========================================================================
Received Import Request.
  Time since last request: 1185.177173 seconds.
  path: Assets/CreativeCore_Audio/535478__moulaythami__heartbeat.wav
  artifactKey: Guid(e877b230f68139745aa3865349e3d4c4) Importer(815301076,1909f56bfc062723c751e8b465ee728b)
Start importing Assets/CreativeCore_Audio/535478__moulaythami__heartbeat.wav using Guid(e877b230f68139745aa3865349e3d4c4) Importer(815301076,1909f56bfc062723c751e8b465ee728b)  -> (artifact id: '7250551820fc89aaa506bf3aff1d6626') in 0.607336 seconds 
========================================================================
Received Prepare
Registering precompiled user dll's ...
Registered in 0.002515 seconds.
Begin MonoManager ReloadAssembly
Symbol file LoadedFromMemory doesn't match image E:\UnityProject\CC_Audio\Library\PackageCache\com.unity.collab-proxy@1.15.15\Lib\Editor\PlasticSCM\unityplastic.dll
Native extension for WindowsStandalone target not found
Native extension for WebGL target not found
Refreshing native plugins compatible for Editor in 0.73 ms, found 2 plugins.
Preloading 0 native plugins for Editor in 0.00 ms.
Mono: successfully reloaded assembly
- Completed reload, in  1.240 seconds
Domain Reload Profiling:
	ReloadAssembly (1240ms)
		BeginReloadAssembly (142ms)
			ExecutionOrderSort (0ms)
			DisableScriptedObjects (8ms)
			BackupInstance (0ms)
			ReleaseScriptingObjects (0ms)
			CreateAndSetChildDomain (66ms)
		EndReloadAssembly (1048ms)
			LoadAssemblies (86ms)
			RebuildTransferFunctionScriptingTraits (0ms)
			SetupTypeCache (307ms)
			ReleaseScriptCaches (1ms)
			RebuildScriptCaches (61ms)
			SetupLoadedEditorAssemblies (317ms)
				LogAssemblyErrors (0ms)
				InitializePlatformSupportModulesInManaged (4ms)
				SetLoadedEditorAssemblies (0ms)
				RefreshPlugins (1ms)
				BeforeProcessingInitializeOnLoad (90ms)
				ProcessInitializeOnLoadAttributes (208ms)
				ProcessInitializeOnLoadMethodAttributes (11ms)
				AfterProcessingInitializeOnLoad (2ms)
				EditorAssembliesLoaded (0ms)
			ExecutionOrderSort2 (0ms)
			AwakeInstancesAfterBackupRestoration (9ms)
Platform modules already initialized, skipping
Refreshing native plugins compatible for Editor in 0.62 ms, found 2 plugins.
Preloading 0 native plugins for Editor in 0.00 ms.
Unloading 3755 Unused Serialized files (Serialized files now loaded: 0)
System memory in use before: 159.3 MB.
System memory in use after: 159.5 MB.

Unloading 14 unused Assets to reduce memory usage. Loaded Objects now: 4323.
Total: 3.939100 ms (FindLiveObjects: 0.418100 ms CreateObjectMapping: 0.187400 ms MarkObjects: 3.287300 ms  DeleteObjects: 0.045400 ms)

AssetImportParameters requested are different than current active one (requested -> active):
  custom:framework-win-MediaFoundation: 216162199b28c13a410421893ffa2e32 -> 
  custom:video-decoder-ogg-theora: a1e56fd34408186e4bbccfd4996cb3dc -> 
  custom:container-muxer-webm: aa71ff27fc2769a1b78a27578f13a17b -> 
  custom:container-demuxer-webm: 4f35f7cbe854078d1ac9338744f61a02 -> 
  custom:container-demuxer-ogg: 62fdf1f143b41e24485cea50d1cbac27 -> 
  custom:video-encoder-webm-vp8: eb34c28f22e8b96e1ab97ce403110664 -> 
  custom:video-decoder-webm-vp8: 9c59270c3fd7afecdb556c50c9e8de78 -> 
  custom:audio-decoder-ogg-vorbis: bf7c407c2cedff20999df2af8eb42d56 -> 
  custom:audio-encoder-webm-vorbis: bf7c407c2cedff20999df2af8eb42d56 -> 
========================================================================
Received Prepare
Registering precompiled user dll's ...
Registered in 0.002520 seconds.
Begin MonoManager ReloadAssembly
Symbol file LoadedFromMemory doesn't match image E:\UnityProject\CC_Audio\Library\PackageCache\com.unity.collab-proxy@1.15.15\Lib\Editor\PlasticSCM\unityplastic.dll
Native extension for WindowsStandalone target not found
Native extension for WebGL target not found
Refreshing native plugins compatible for Editor in 0.70 ms, found 2 plugins.
Preloading 0 native plugins for Editor in 0.00 ms.
Mono: successfully reloaded assembly
- Completed reload, in  1.065 seconds
Domain Reload Profiling:
	ReloadAssembly (1066ms)
		BeginReloadAssembly (104ms)
			ExecutionOrderSort (0ms)
			DisableScriptedObjects (4ms)
			BackupInstance (0ms)
			ReleaseScriptingObjects (0ms)
			CreateAndSetChildDomain (34ms)
		EndReloadAssembly (913ms)
			LoadAssemblies (88ms)
			RebuildTransferFunctionScriptingTraits (0ms)
			SetupTypeCache (330ms)
			ReleaseScriptCaches (2ms)
			RebuildScriptCaches (69ms)
			SetupLoadedEditorAssemblies (322ms)
				LogAssemblyErrors (0ms)
				InitializePlatformSupportModulesInManaged (4ms)
				SetLoadedEditorAssemblies (1ms)
				RefreshPlugins (1ms)
				BeforeProcessingInitializeOnLoad (90ms)
				ProcessInitializeOnLoadAttributes (212ms)
				ProcessInitializeOnLoadMethodAttributes (12ms)
				AfterProcessingInitializeOnLoad (2ms)
				EditorAssembliesLoaded (0ms)
			ExecutionOrderSort2 (0ms)
			AwakeInstancesAfterBackupRestoration (9ms)
Platform modules already initialized, skipping
Refreshing native plugins compatible for Editor in 0.64 ms, found 2 plugins.
Preloading 0 native plugins for Editor in 0.00 ms.
Unloading 3755 Unused Serialized files (Serialized files now loaded: 0)
System memory in use before: 159.3 MB.
System memory in use after: 159.6 MB.

Unloading 14 unused Assets to reduce memory usage. Loaded Objects now: 4326.
Total: 3.958200 ms (FindLiveObjects: 0.330400 ms CreateObjectMapping: 0.290800 ms MarkObjects: 3.311000 ms  DeleteObjects: 0.025000 ms)

AssetImportParameters requested are different than current active one (requested -> active):
  custom:framework-win-MediaFoundation: 216162199b28c13a410421893ffa2e32 -> 
  custom:video-decoder-ogg-theora: a1e56fd34408186e4bbccfd4996cb3dc -> 
  custom:container-muxer-webm: aa71ff27fc2769a1b78a27578f13a17b -> 
  custom:container-demuxer-webm: 4f35f7cbe854078d1ac9338744f61a02 -> 
  custom:container-demuxer-ogg: 62fdf1f143b41e24485cea50d1cbac27 -> 
  custom:video-encoder-webm-vp8: eb34c28f22e8b96e1ab97ce403110664 -> 
  custom:video-decoder-webm-vp8: 9c59270c3fd7afecdb556c50c9e8de78 -> 
  custom:audio-decoder-ogg-vorbis: bf7c407c2cedff20999df2af8eb42d56 -> 
  custom:audio-encoder-webm-vorbis: bf7c407c2cedff20999df2af8eb42d56 -> 
========================================================================
Received Import Request.
  Time since last request: 950.749598 seconds.
  path: Assets/CreativeCore_Audio/Settings/PostProcessing/PostProcessingProfile_Generic.asset
  artifactKey: Guid(7e98ee08b22ba33468b1b347fa056b68) Importer(815301076,1909f56bfc062723c751e8b465ee728b)
Start importing Assets/CreativeCore_Audio/Settings/PostProcessing/PostProcessingProfile_Generic.asset using Guid(7e98ee08b22ba33468b1b347fa056b68) Importer(815301076,1909f56bfc062723c751e8b465ee728b)  -> (artifact id: '081fed85dbc401e8d2d36d3a567abea8') in 0.056102 seconds 
========================================================================
Received Import Request.
  Time since last request: 528.402460 seconds.
  path: Assets/CreativeCore_Audio/My Recording  18.mp3
  artifactKey: Guid(847d01e555f11bd48b184ef6f46afa6b) Importer(815301076,1909f56bfc062723c751e8b465ee728b)
Start importing Assets/CreativeCore_Audio/My Recording  18.mp3 using Guid(847d01e555f11bd48b184ef6f46afa6b) Importer(815301076,1909f56bfc062723c751e8b465ee728b)  -> (artifact id: 'f67c0d6f145c50f0ba69638b3b2e7b25') in 0.041817 seconds 
========================================================================
Received Import Request.
  Time since last request: 5.269120 seconds.
  path: Assets/CreativeCore_Audio/My Recording  18 remove noise.mp3
  artifactKey: Guid(847d01e555f11bd48b184ef6f46afa6b) Importer(815301076,1909f56bfc062723c751e8b465ee728b)
Start importing Assets/CreativeCore_Audio/My Recording  18 remove noise.mp3 using Guid(847d01e555f11bd48b184ef6f46afa6b) Importer(815301076,1909f56bfc062723c751e8b465ee728b)  -> (artifact id: 'cb28188693d34700091ed0c9081cf8f1') in 0.011495 seconds 
========================================================================
Received Prepare
Registering precompiled user dll's ...
Registered in 0.002203 seconds.
Begin MonoManager ReloadAssembly
Symbol file LoadedFromMemory doesn't match image E:\UnityProject\CC_Audio\Library\PackageCache\com.unity.collab-proxy@1.15.15\Lib\Editor\PlasticSCM\unityplastic.dll
Native extension for WindowsStandalone target not found
Native extension for WebGL target not found
Refreshing native plugins compatible for Editor in 0.65 ms, found 2 plugins.
Preloading 0 native plugins for Editor in 0.00 ms.
Mono: successfully reloaded assembly
- Completed reload, in  1.101 seconds
Domain Reload Profiling:
	ReloadAssembly (1101ms)
		BeginReloadAssembly (112ms)
			ExecutionOrderSort (0ms)
			DisableScriptedObjects (5ms)
			BackupInstance (0ms)
			ReleaseScriptingObjects (0ms)
			CreateAndSetChildDomain (38ms)
		EndReloadAssembly (939ms)
			LoadAssemblies (95ms)
			RebuildTransferFunctionScriptingTraits (0ms)
			SetupTypeCache (341ms)
			ReleaseScriptCaches (2ms)
			RebuildScriptCaches (67ms)
			SetupLoadedEditorAssemblies (337ms)
				LogAssemblyErrors (0ms)
				InitializePlatformSupportModulesInManaged (4ms)
				SetLoadedEditorAssemblies (0ms)
				RefreshPlugins (1ms)
				BeforeProcessingInitializeOnLoad (98ms)
				ProcessInitializeOnLoadAttributes (220ms)
				ProcessInitializeOnLoadMethodAttributes (11ms)
				AfterProcessingInitializeOnLoad (2ms)
				EditorAssembliesLoaded (0ms)
			ExecutionOrderSort2 (0ms)
			AwakeInstancesAfterBackupRestoration (10ms)
Platform modules already initialized, skipping
Refreshing native plugins compatible for Editor in 0.63 ms, found 2 plugins.
Preloading 0 native plugins for Editor in 0.00 ms.
Unloading 3755 Unused Serialized files (Serialized files now loaded: 0)
System memory in use before: 159.3 MB.
System memory in use after: 159.6 MB.

Unloading 14 unused Assets to reduce memory usage. Loaded Objects now: 4330.
Total: 3.401000 ms (FindLiveObjects: 0.261800 ms CreateObjectMapping: 0.176700 ms MarkObjects: 2.939900 ms  DeleteObjects: 0.021800 ms)

AssetImportParameters requested are different than current active one (requested -> active):
  custom:framework-win-MediaFoundation: 216162199b28c13a410421893ffa2e32 -> 
  custom:video-decoder-ogg-theora: a1e56fd34408186e4bbccfd4996cb3dc -> 
  custom:container-muxer-webm: aa71ff27fc2769a1b78a27578f13a17b -> 
  custom:container-demuxer-webm: 4f35f7cbe854078d1ac9338744f61a02 -> 
  custom:container-demuxer-ogg: 62fdf1f143b41e24485cea50d1cbac27 -> 
  custom:video-encoder-webm-vp8: eb34c28f22e8b96e1ab97ce403110664 -> 
  custom:video-decoder-webm-vp8: 9c59270c3fd7afecdb556c50c9e8de78 -> 
  custom:audio-decoder-ogg-vorbis: bf7c407c2cedff20999df2af8eb42d56 -> 
  custom:audio-encoder-webm-vorbis: bf7c407c2cedff20999df2af8eb42d56 -> 
========================================================================
Received Prepare
Registering precompiled user dll's ...
Registered in 0.002118 seconds.
Begin MonoManager ReloadAssembly
Symbol file LoadedFromMemory doesn't match image E:\UnityProject\CC_Audio\Library\PackageCache\com.unity.collab-proxy@1.15.15\Lib\Editor\PlasticSCM\unityplastic.dll
Native extension for WindowsStandalone target not found
Native extension for WebGL target not found
Refreshing native plugins compatible for Editor in 0.62 ms, found 2 plugins.
Preloading 0 native plugins for Editor in 0.00 ms.
Mono: successfully reloaded assembly
- Completed reload, in  1.025 seconds
Domain Reload Profiling:
	ReloadAssembly (1026ms)
		BeginReloadAssembly (101ms)
			ExecutionOrderSort (0ms)
			DisableScriptedObjects (4ms)
			BackupInstance (0ms)
			ReleaseScriptingObjects (0ms)
			CreateAndSetChildDomain (33ms)
		EndReloadAssembly (874ms)
			LoadAssemblies (90ms)
			RebuildTransferFunctionScriptingTraits (0ms)
			SetupTypeCache (299ms)
			ReleaseScriptCaches (2ms)
			RebuildScriptCaches (62ms)
			SetupLoadedEditorAssemblies (323ms)
				LogAssemblyErrors (0ms)
				InitializePlatformSupportModulesInManaged (4ms)
				SetLoadedEditorAssemblies (0ms)
				RefreshPlugins (1ms)
				BeforeProcessingInitializeOnLoad (94ms)
				ProcessInitializeOnLoadAttributes (210ms)
				ProcessInitializeOnLoadMethodAttributes (12ms)
				AfterProcessingInitializeOnLoad (2ms)
				EditorAssembliesLoaded (0ms)
			ExecutionOrderSort2 (0ms)
			AwakeInstancesAfterBackupRestoration (9ms)
Platform modules already initialized, skipping
Refreshing native plugins compatible for Editor in 0.60 ms, found 2 plugins.
Preloading 0 native plugins for Editor in 0.00 ms.
Unloading 3755 Unused Serialized files (Serialized files now loaded: 0)
System memory in use before: 159.4 MB.
System memory in use after: 159.6 MB.

Unloading 14 unused Assets to reduce memory usage. Loaded Objects now: 4333.
Total: 3.620900 ms (FindLiveObjects: 0.259100 ms CreateObjectMapping: 0.219500 ms MarkObjects: 3.088600 ms  DeleteObjects: 0.052300 ms)

AssetImportParameters requested are different than current active one (requested -> active):
  custom:framework-win-MediaFoundation: 216162199b28c13a410421893ffa2e32 -> 
  custom:video-decoder-ogg-theora: a1e56fd34408186e4bbccfd4996cb3dc -> 
  custom:container-muxer-webm: aa71ff27fc2769a1b78a27578f13a17b -> 
  custom:container-demuxer-webm: 4f35f7cbe854078d1ac9338744f61a02 -> 
  custom:container-demuxer-ogg: 62fdf1f143b41e24485cea50d1cbac27 -> 
  custom:video-encoder-webm-vp8: eb34c28f22e8b96e1ab97ce403110664 -> 
  custom:video-decoder-webm-vp8: 9c59270c3fd7afecdb556c50c9e8de78 -> 
  custom:audio-decoder-ogg-vorbis: bf7c407c2cedff20999df2af8eb42d56 -> 
  custom:audio-encoder-webm-vorbis: bf7c407c2cedff20999df2af8eb42d56 -> 
========================================================================
Received Import Request.
  Time since last request: 373.804426 seconds.
  path: Assets/CreativeCore_Audio/387978__dcpoke__birds-singing-03.wav
  artifactKey: Guid(c6a146496911da4428bc4c8444af0aff) Importer(815301076,1909f56bfc062723c751e8b465ee728b)
Start importing Assets/CreativeCore_Audio/387978__dcpoke__birds-singing-03.wav using Guid(c6a146496911da4428bc4c8444af0aff) Importer(815301076,1909f56bfc062723c751e8b465ee728b)  -> (artifact id: '202d15509b905c4b26f32f4ede6bc418') in 0.021182 seconds 
